<?xml version="1.0" encoding="UTF-8"?>
<testng-results skipped="0" failed="0" ignored="0" total="0" passed="0">
  <reporter-output>
  </reporter-output>
  <suite name="Example test run" duration-ms="15" started-at="2019-01-23T00:14:22Z" finished-at="2019-01-23T00:14:22Z">
    <groups>
    </groups>
    <test name="Simple Test" duration-ms="15" started-at="2019-01-23T00:14:22Z" finished-at="2019-01-23T00:14:22Z">
    </test> <!-- Simple Test -->
  </suite> <!-- Example test run -->
</testng-results>
